<?xml version="1.0" encoding="UTF-8"?>
<testng-results ignored="0" total="4" passed="4" failed="0" skipped="0">
  <reporter-output>
  </reporter-output>
  <suite started-at="2022-10-20T15:39:33 EEST" name="Suite1" finished-at="2022-10-20T15:39:44 EEST" duration-ms="11234">
    <groups>
      <group name="cucumber">
        <method signature="AbstractTestNGCucumberTests.runScenario(io.cucumber.testng.PickleWrapper, io.cucumber.testng.FeatureWrapper)[pri:0, instance:CucumberRunnerTest@18d87d80]" name="runScenario" class="io.cucumber.testng.AbstractTestNGCucumberTests"/>
      </group> <!-- cucumber -->
    </groups>
    <test started-at="2022-10-20T15:39:33 EEST" name="Test Demo" finished-at="2022-10-20T15:39:44 EEST" duration-ms="11234">
      <class name="CucumberRunnerTest">
        <test-method is-config="true" signature="setUpClass()[pri:0, instance:CucumberRunnerTest@18d87d80]" started-at="2022-10-20T15:39:33 EEST" name="setUpClass" finished-at="2022-10-20T15:39:33 EEST" duration-ms="271" status="PASS">
          <reporter-output>
          </reporter-output>
        </test-method> <!-- setUpClass -->
        <test-method signature="runScenario(io.cucumber.testng.PickleWrapper, io.cucumber.testng.FeatureWrapper)[pri:0, instance:CucumberRunnerTest@18d87d80]" started-at="2022-10-20T15:39:33 EEST" name="runScenario" description="Runs Cucumber Scenarios" data-provider="scenarios" finished-at="2022-10-20T15:39:37 EEST" duration-ms="3909" status="PASS">
          <params>
            <param index="0">
              <value>
                <![CDATA["Add new recipe"]]>
              </value>
            </param>
            <param index="1">
              <value>
                <![CDATA["Recipe Book tests"]]>
              </value>
            </param>
          </params>
          <reporter-output>
          </reporter-output>
        </test-method> <!-- runScenario -->
        <test-method signature="runScenario(io.cucumber.testng.PickleWrapper, io.cucumber.testng.FeatureWrapper)[pri:0, instance:CucumberRunnerTest@18d87d80]" started-at="2022-10-20T15:39:37 EEST" name="runScenario" description="Runs Cucumber Scenarios" data-provider="scenarios" finished-at="2022-10-20T15:39:39 EEST" duration-ms="2523" status="PASS">
          <params>
            <param index="0">
              <value>
                <![CDATA["Create and edit recipe"]]>
              </value>
            </param>
            <param index="1">
              <value>
                <![CDATA["Recipe Book tests"]]>
              </value>
            </param>
          </params>
          <reporter-output>
          </reporter-output>
        </test-method> <!-- runScenario -->
        <test-method signature="runScenario(io.cucumber.testng.PickleWrapper, io.cucumber.testng.FeatureWrapper)[pri:0, instance:CucumberRunnerTest@18d87d80]" started-at="2022-10-20T15:39:39 EEST" name="runScenario" description="Runs Cucumber Scenarios" data-provider="scenarios" finished-at="2022-10-20T15:39:42 EEST" duration-ms="2188" status="PASS">
          <params>
            <param index="0">
              <value>
                <![CDATA["Create and delete recipe"]]>
              </value>
            </param>
            <param index="1">
              <value>
                <![CDATA["Recipe Book tests"]]>
              </value>
            </param>
          </params>
          <reporter-output>
          </reporter-output>
        </test-method> <!-- runScenario -->
        <test-method signature="runScenario(io.cucumber.testng.PickleWrapper, io.cucumber.testng.FeatureWrapper)[pri:0, instance:CucumberRunnerTest@18d87d80]" started-at="2022-10-20T15:39:42 EEST" name="runScenario" description="Runs Cucumber Scenarios" data-provider="scenarios" finished-at="2022-10-20T15:39:44 EEST" duration-ms="2317" status="PASS">
          <params>
            <param index="0">
              <value>
                <![CDATA["Create recipe and add to shopping list"]]>
              </value>
            </param>
            <param index="1">
              <value>
                <![CDATA["Recipe Book tests"]]>
              </value>
            </param>
          </params>
          <reporter-output>
          </reporter-output>
        </test-method> <!-- runScenario -->
        <test-method is-config="true" signature="tearDownClass()[pri:0, instance:CucumberRunnerTest@18d87d80]" started-at="2022-10-20T15:39:44 EEST" name="tearDownClass" finished-at="2022-10-20T15:39:44 EEST" duration-ms="3" status="PASS">
          <reporter-output>
          </reporter-output>
        </test-method> <!-- tearDownClass -->
      </class> <!-- CucumberRunnerTest -->
    </test> <!-- Test Demo -->
  </suite> <!-- Suite1 -->
</testng-results>
