<?xml version="1.0" encoding="UTF-8"?>
<testsuite xmlns:xsi="http://www.w3.org/2001/XMLSchema-instance" xsi:noNamespaceSchemaLocation="https://maven.apache.org/surefire/maven-surefire-plugin/xsd/surefire-test-report-3.0.xsd" version="3.0" name="TestSuite" time="11.7" tests="4" errors="0" skipped="0" failures="0">
  <properties>
[...]
</properties>
  <testcase name="runScenario[&quot;Add new recipe&quot;, &quot;Recipe Book tests&quot;](1)" classname="CucumberRunnerTest" time="3.904">
    <system-err><![CDATA[жовт. 20, 2022 3:39:33 ПП io.cucumber.core.options.CucumberPropertiesParser parse
WARNING: Passing commandline options via the property `cucumber.options` has been deprecatedin favour of explicitly using property names.
Please use these instead: [cucumber.ansi-colors.disabled, cucumber.execution.dry-run, cucumber.execution.limit, cucumber.execution.order, cucumber.execution.strict, cucumber.execution.wip, cucumber.features, cucumber.filter.name, cucumber.filter.tags, cucumber.glue, cucumber.object-factory, cucumber.plugin, cucumber.snippet-type]
жовт. 20, 2022 3:39:33 ПП io.cucumber.testng.TestNGCucumberRunner <init>
WARNING: By default Cucumber is running in --non-strict mode.
This default will change to --strict and --non-strict will be removed.
You can use --strict or @CucumberOptions(strict = true) to suppress this warning
SLF4J: Failed to load class "org.slf4j.impl.StaticLoggerBinder".
SLF4J: Defaulting to no-operation (NOP) logger implementation
SLF4J: See http://www.slf4j.org/codes.html#StaticLoggerBinder for further details.
]]></system-err>
  </testcase>
  <testcase name="runScenario[&quot;Create and edit recipe&quot;, &quot;Recipe Book tests&quot;](2)" classname="CucumberRunnerTest" time="2.521"/>
  <testcase name="runScenario[&quot;Create and delete recipe&quot;, &quot;Recipe Book tests&quot;](3)" classname="CucumberRunnerTest" time="2.188"/>
  <testcase name="runScenario[&quot;Create recipe and add to shopping list&quot;, &quot;Recipe Book tests&quot;](4)" classname="CucumberRunnerTest" time="2.318"/>
</testsuite>